[debug] [2025-06-12T17:19:10.962Z] ----------------------------------------------------------------------
[debug] [2025-06-12T17:19:10.964Z] Command:       C:\Program Files\nodejs\node.exe C:\Users\shank\AppData\Roaming\npm\node_modules\firebase-tools\lib\bin\firebase.js init
[debug] [2025-06-12T17:19:10.965Z] CLI Version:   14.0.1
[debug] [2025-06-12T17:19:10.965Z] Platform:      win32
[debug] [2025-06-12T17:19:10.965Z] Node Version:  v20.12.1
[debug] [2025-06-12T17:19:10.965Z] Time:          Thu Jun 12 2025 22:49:10 GMT+0530 (India Standard Time)
[debug] [2025-06-12T17:19:10.965Z] ----------------------------------------------------------------------
[debug] 
[debug] [2025-06-12T17:19:10.970Z] > command requires scopes: ["email","openid","https://www.googleapis.com/auth/cloudplatformprojects.readonly","https://www.googleapis.com/auth/firebase","https://www.googleapis.com/auth/cloud-platform"]
[debug] [2025-06-12T17:19:10.971Z] > authorizing via signed-in user (shankarspshukla@gmail.com)
[info] 
     ######## #### ########  ######## ########     ###     ######  ########
     ##        ##  ##     ## ##       ##     ##  ##   ##  ##       ##
     ######    ##  ########  ######   ########  #########  ######  ######
     ##        ##  ##    ##  ##       ##     ## ##     ##       ## ##
     ##       #### ##     ## ######## ########  ##     ##  ######  ########

You're about to initialize a Firebase project in this directory:

  C:\Users\shank\OneDrive\Desktop\pratha\hospital1

[info] 
=== Project Setup
[info] 
[info] First, let's associate this project directory with a Firebase project.
[info] You can create multiple project aliases by running firebase use --add, 
[info] but for now we'll just set up a default project.
[info] 
[debug] [2025-06-12T17:19:23.436Z] Checked if tokens are valid: false, expires at: 1749747189015
[debug] [2025-06-12T17:19:23.436Z] Checked if tokens are valid: false, expires at: 1749747189015
[debug] [2025-06-12T17:19:23.437Z] > refreshing access token with scopes: []
[debug] [2025-06-12T17:19:23.439Z] >>> [apiv2][query] POST https://www.googleapis.com/oauth2/v3/token [none]
[debug] [2025-06-12T17:19:23.439Z] >>> [apiv2][body] POST https://www.googleapis.com/oauth2/v3/token [omitted]
[debug] [2025-06-12T17:19:24.421Z] <<< [apiv2][status] POST https://www.googleapis.com/oauth2/v3/token 200
[debug] [2025-06-12T17:19:24.421Z] <<< [apiv2][body] POST https://www.googleapis.com/oauth2/v3/token [omitted]
[debug] [2025-06-12T17:19:24.432Z] >>> [apiv2][query] GET https://firebase.googleapis.com/v1beta1/projects pageSize=100
[debug] [2025-06-12T17:19:25.844Z] <<< [apiv2][status] GET https://firebase.googleapis.com/v1beta1/projects 200
[debug] [2025-06-12T17:19:25.844Z] <<< [apiv2][body] GET https://firebase.googleapis.com/v1beta1/projects [omitted]
[info] i  Using project pratha-hospital-1ff1b (Pratha-Hospital) 
[info] 
=== Hosting Setup
[debug] [2025-06-12T17:19:28.850Z] Checked if tokens are valid: true, expires at: 1749752363421
[debug] [2025-06-12T17:19:28.850Z] Checked if tokens are valid: true, expires at: 1749752363421
[debug] [2025-06-12T17:19:28.850Z] >>> [apiv2][query] GET https://firebase.googleapis.com/v1beta1/projects/pratha-hospital-1ff1b [none]
[debug] [2025-06-12T17:19:29.706Z] <<< [apiv2][status] GET https://firebase.googleapis.com/v1beta1/projects/pratha-hospital-1ff1b 200
[debug] [2025-06-12T17:19:29.706Z] <<< [apiv2][body] GET https://firebase.googleapis.com/v1beta1/projects/pratha-hospital-1ff1b {"projectId":"pratha-hospital-1ff1b","projectNumber":"877995995714","displayName":"Pratha-Hospital","name":"projects/pratha-hospital-1ff1b","resources":{"hostingSite":"pratha-hospital-1ff1b"},"state":"ACTIVE","etag":"1_8740676e-4303-4db1-9637-3023ca298e0e"}
[info] 
[info] Your public directory is the folder (relative to your project directory) that
[info] will contain Hosting assets to be uploaded with firebase deploy. If you
[info] have a build process for your assets, use your build's output directory.
[info] 
